<?xml version="1.0" encoding="UTF-8"?>
<testsuite xmlns:xsi="http://www.w3.org/2001/XMLSchema-instance" xsi:noNamespaceSchemaLocation="https://maven.apache.org/surefire/maven-surefire-plugin/xsd/surefire-test-report-3.0.xsd" version="3.0" name="dubbo_seata.dubbo_common.DubboCommonApplicationTests" time="0.131" tests="1" errors="1" skipped="0" failures="0">
  <properties>
[...]
</properties>
  <testcase name="" classname="dubbo_seata.dubbo_common.DubboCommonApplicationTests" time="0.131">
    <error message="Could not load TestContextBootstrapper [class org.springframework.boot.test.context.SpringBootTestContextBootstrapper]. Specify @BootstrapWith&apos;s &apos;value&apos; attribute or make the default bootstrapper class available." type="java.lang.IllegalStateException"><![CDATA[java.lang.IllegalStateException: Could not load TestContextBootstrapper [class org.springframework.boot.test.context.SpringBootTestContextBootstrapper]. Specify @BootstrapWith's 'value' attribute or make the default bootstrapper class available.
	at org.springframework.test.context.BootstrapUtils.resolveTestContextBootstrapper(BootstrapUtils.java:155)
	at org.springframework.test.context.TestContextManager.<init>(TestContextManager.java:122)
	at org.springframework.test.context.junit.jupiter.SpringExtension.getTestContextManager(SpringExtension.java:294)
	at org.springframework.test.context.junit.jupiter.SpringExtension.beforeAll(SpringExtension.java:113)
	at java.base/java.util.ArrayList.forEach(ArrayList.java:1511)
Caused by: org.springframework.beans.BeanInstantiationException: Failed to instantiate [org.springframework.boot.test.context.SpringBootTestContextBootstrapper]: Unresolvable class definition; nested exception is java.lang.NoClassDefFoundError: org/springframework/test/context/aot/AotTestAttributes
	at org.springframework.beans.BeanUtils.instantiateClass(BeanUtils.java:158)
	at org.springframework.beans.BeanUtils.instantiateClass(BeanUtils.java:178)
	at org.springframework.test.context.BootstrapUtils.resolveTestContextBootstrapper(BootstrapUtils.java:147)
	... 4 more
Caused by: java.lang.NoClassDefFoundError: org/springframework/test/context/aot/AotTestAttributes
	at java.base/java.lang.Class.getDeclaredConstructors0(Native Method)
	at java.base/java.lang.Class.privateGetDeclaredConstructors(Class.java:3373)
	at java.base/java.lang.Class.getConstructor0(Class.java:3578)
	at java.base/java.lang.Class.getDeclaredConstructor(Class.java:2754)
	at org.springframework.beans.BeanUtils.instantiateClass(BeanUtils.java:148)
	... 6 more
Caused by: java.lang.ClassNotFoundException: org.springframework.test.context.aot.AotTestAttributes
	at java.base/jdk.internal.loader.BuiltinClassLoader.loadClass(BuiltinClassLoader.java:641)
	at java.base/jdk.internal.loader.ClassLoaders$AppClassLoader.loadClass(ClassLoaders.java:188)
	at java.base/java.lang.ClassLoader.loadClass(ClassLoader.java:520)
	... 11 more
]]></error>
  </testcase>
</testsuite>